#
# There is insufficient memory for the Java Runtime Environment to continue.
# Native memory allocation (malloc) failed to allocate 1048576 bytes for AllocateHeap
# Possible reasons:
#   The system is out of physical RAM or swap space
#   The process is running with CompressedOops enabled, and the Java Heap may be blocking the growth of the native heap
# Possible solutions:
#   Reduce memory load on the system
#   Increase physical memory or swap space
#   Check if swap backing store is full
#   Decrease Java heap size (-Xmx/-Xms)
#   Decrease number of Java threads
#   Decrease Java thread stack sizes (-Xss)
#   Set larger code cache with -XX:ReservedCodeCacheSize=
# This output file may be truncated or incomplete.
#
#  Out of Memory Error (./src/hotspot/share/memory/allocation.cpp:46), pid=10352, tid=9796
#
# JRE version:  (11.0.18+10) (build )
# Java VM: OpenJDK 64-Bit Server VM (11.0.18+10-LTS, mixed mode, sharing, tiered, compressed oops, g1 gc, windows-amd64)
# No core dump will be written. Minidumps are not enabled by default on client versions of Windows
#

---------------  S U M M A R Y ------------

Command Line: -Xmx64m -Xms64m -Dorg.gradle.appname=gradlew org.gradle.wrapper.GradleWrapperMain assamble:debug

Host: Intel(R) Core(TM) i7-2670QM CPU @ 2.20GHz, 8 cores, 15G,  Windows 10 , 64 bit Build 19041 (10.0.19041.3570)
Time: Thu Oct 12 15:10:52 2023 SA Pacific Standard Time elapsed time: 0.039319 seconds (0d 0h 0m 0s)

---------------  T H R E A D  ---------------

Current thread (0x0000022dffd5d000):  JavaThread "Unknown thread" [_thread_in_vm, id=9796, stack(0x000000a700900000,0x000000a700a00000)]

Stack: [0x000000a700900000,0x000000a700a00000]
Native frames: (J=compiled Java code, j=interpreted, Vv=VM code, C=native code)
V  [jvm.dll+0x62bf8a]
V  [jvm.dll+0x7b8fb9]
V  [jvm.dll+0x7ba6a8]
V  [jvm.dll+0x7bad83]
V  [jvm.dll+0x250248]
V  [jvm.dll+0xb95d4]
V  [jvm.dll+0x2f0664]
V  [jvm.dll+0x2ea469]
V  [jvm.dll+0x792e07]
V  [jvm.dll+0x79458f]
V  [jvm.dll+0x363c69]
V  [jvm.dll+0x775d70]
V  [jvm.dll+0x3d297f]
V  [jvm.dll+0x3d4d11]
C  [jli.dll+0x5207]
C  [ucrtbase.dll+0x21bb2]
C  [KERNEL32.DLL+0x17344]
C  [ntdll.dll+0x526b1]


---------------  P R O C E S S  ---------------

Threads class SMR info:
_java_thread_list=0x0000022dfeef1b60, length=0, elements={
}

Java Threads: ( => current thread )

Other Threads:
  0x0000022dffd73000 GCTaskThread "GC Thread#0" [stack: 0x000000a700a00000,0x000000a700b00000] [id=3004]

[error occurred during error reporting (printing all threads), id 0xc0000005, EXCEPTION_ACCESS_VIOLATION (0xc0000005) at pc=0x00007ff97b205c50]

VM state:not at safepoint (not fully initialized)

VM Mutex/Monitor currently owned by a thread:  ([mutex/lock_event])
[0x0000022dffd58c50] Heap_lock - owner thread: 0x0000022dffd5d000

Heap address: 0x00000000fc000000, size: 64 MB, Compressed Oops mode: Non-zero based: 0x00000000fc000000
Narrow klass base: 0x0000000000000000, Narrow klass shift: 0

GC Heap History (0 events):
No events

Deoptimization events (0 events):
No events

Classes redefined (0 events):
No events

Internal exceptions (0 events):
No events

Events (1 events):
Event: 0.016 Loaded shared library C:\Program Files\Microsoft\jdk-11.0.18.10-hotspot\bin\zip.dll


Dynamic libraries:
0x00007ff613740000 - 0x00007ff61374d000 	C:\Program Files\Microsoft\jdk-11.0.18.10-hotspot\bin\java.exe
0x00007ff9eb590000 - 0x00007ff9eb787000 	C:\WINDOWS\SYSTEM32\ntdll.dll
0x00007ff9ea040000 - 0x00007ff9ea0fd000 	C:\WINDOWS\System32\KERNEL32.DLL
0x00007ff9e8d20000 - 0x00007ff9e9016000 	C:\WINDOWS\System32\KERNELBASE.dll
0x00007ff9e9120000 - 0x00007ff9e9220000 	C:\WINDOWS\System32\ucrtbase.dll
0x00007ff9e1e50000 - 0x00007ff9e1e67000 	C:\Program Files\Microsoft\jdk-11.0.18.10-hotspot\bin\jli.dll
0x00007ff9e1df0000 - 0x00007ff9e1e05000 	C:\Program Files\Microsoft\jdk-11.0.18.10-hotspot\bin\VCRUNTIME140.dll
0x00007ff9e9750000 - 0x00007ff9e98ee000 	C:\WINDOWS\System32\USER32.dll
0x00007ff9e94a0000 - 0x00007ff9e94c2000 	C:\WINDOWS\System32\win32u.dll
0x00007ff9ead80000 - 0x00007ff9eadac000 	C:\WINDOWS\System32\GDI32.dll
0x00007ff9d1f20000 - 0x00007ff9d21ba000 	C:\WINDOWS\WinSxS\amd64_microsoft.windows.common-controls_6595b64144ccf1df_6.0.19041.3570_none_60bb2a3971f3e41a\COMCTL32.dll
0x00007ff9e94d0000 - 0x00007ff9e95ea000 	C:\WINDOWS\System32\gdi32full.dll
0x00007ff9e9690000 - 0x00007ff9e972e000 	C:\WINDOWS\System32\msvcrt.dll
0x00007ff9e9220000 - 0x00007ff9e92bd000 	C:\WINDOWS\System32\msvcp_win.dll
0x00007ff9eb1f0000 - 0x00007ff9eb220000 	C:\WINDOWS\System32\IMM32.DLL
0x00007ff9ca470000 - 0x00007ff9ca50b000 	C:\Program Files\Microsoft\jdk-11.0.18.10-hotspot\bin\msvcp140.dll
0x00007ff97af10000 - 0x00007ff97baa2000 	C:\Program Files\Microsoft\jdk-11.0.18.10-hotspot\bin\server\jvm.dll
0x00007ff9e9f90000 - 0x00007ff9ea03e000 	C:\WINDOWS\System32\ADVAPI32.dll
0x00007ff9e95f0000 - 0x00007ff9e968c000 	C:\WINDOWS\System32\sechost.dll
0x00007ff9eb2d0000 - 0x00007ff9eb3f6000 	C:\WINDOWS\System32\RPCRT4.dll
0x00007ff9eaea0000 - 0x00007ff9eaea8000 	C:\WINDOWS\System32\PSAPI.DLL
0x00007ff9de150000 - 0x00007ff9de159000 	C:\WINDOWS\SYSTEM32\WSOCK32.dll
0x00007ff9eb180000 - 0x00007ff9eb1eb000 	C:\WINDOWS\System32\WS2_32.dll
0x00007ff9de700000 - 0x00007ff9de727000 	C:\WINDOWS\SYSTEM32\WINMM.dll
0x00007ff9de100000 - 0x00007ff9de10a000 	C:\WINDOWS\SYSTEM32\VERSION.dll
0x00007ff9e6a30000 - 0x00007ff9e6a42000 	C:\WINDOWS\SYSTEM32\kernel.appcore.dll
0x00007ff9e3560000 - 0x00007ff9e3570000 	C:\Program Files\Microsoft\jdk-11.0.18.10-hotspot\bin\verify.dll
0x00007ff9e2380000 - 0x00007ff9e2564000 	C:\WINDOWS\SYSTEM32\DBGHELP.DLL
0x00007ff9e1a50000 - 0x00007ff9e1a84000 	C:\WINDOWS\SYSTEM32\dbgcore.DLL
0x00007ff9e9090000 - 0x00007ff9e9112000 	C:\WINDOWS\System32\bcryptPrimitives.dll
0x00007ff9dc9f0000 - 0x00007ff9dca18000 	C:\Program Files\Microsoft\jdk-11.0.18.10-hotspot\bin\java.dll
0x00007ff9e3470000 - 0x00007ff9e347a000 	C:\Program Files\Microsoft\jdk-11.0.18.10-hotspot\bin\jimage.dll
0x00007ff9e13b0000 - 0x00007ff9e13c8000 	C:\Program Files\Microsoft\jdk-11.0.18.10-hotspot\bin\zip.dll

dbghelp: loaded successfully - version: 4.0.5 - missing functions: none
symbol engine: initialized successfully - sym options: 0x614 - pdb path: .;C:\Program Files\Microsoft\jdk-11.0.18.10-hotspot\bin;C:\WINDOWS\SYSTEM32;C:\WINDOWS\WinSxS\amd64_microsoft.windows.common-controls_6595b64144ccf1df_6.0.19041.3570_none_60bb2a3971f3e41a;C:\Program Files\Microsoft\jdk-11.0.18.10-hotspot\bin\server

VM Arguments:
jvm_args: -Xmx64m -Xms64m -Dorg.gradle.appname=gradlew 
java_command: org.gradle.wrapper.GradleWrapperMain assamble:debug
java_class_path (initial): C:\Users\Juan\Documents\GitHub\Personal\El sol App\ESESP_Mobile_ReactNative\android\\gradle\wrapper\gradle-wrapper.jar
Launcher Type: SUN_STANDARD

[Global flags]
     intx CICompilerCount                          = 4                                         {product} {ergonomic}
     uint ConcGCThreads                            = 2                                         {product} {ergonomic}
     uint G1ConcRefinementThreads                  = 8                                         {product} {ergonomic}
   size_t G1HeapRegionSize                         = 1048576                                   {product} {ergonomic}
    uintx GCDrainStackTargetSize                   = 64                                        {product} {ergonomic}
   size_t InitialHeapSize                          = 67108864                                  {product} {command line}
   size_t MarkStackSize                            = 4194304                                   {product} {ergonomic}
   size_t MaxHeapSize                              = 67108864                                  {product} {command line}
   size_t MinHeapDeltaBytes                        = 1048576                                   {product} {ergonomic}
    uintx NonNMethodCodeHeapSize                   = 5836300                                {pd product} {ergonomic}
    uintx NonProfiledCodeHeapSize                  = 122910970                              {pd product} {ergonomic}
    uintx ProfiledCodeHeapSize                     = 122910970                              {pd product} {ergonomic}
    uintx ReservedCodeCacheSize                    = 251658240                              {pd product} {ergonomic}
     bool SegmentedCodeCache                       = true                                      {product} {ergonomic}
     bool UseCompressedClassPointers               = true                                 {lp64_product} {ergonomic}
     bool UseCompressedOops                        = true                                 {lp64_product} {ergonomic}
     bool UseG1GC                                  = true                                      {product} {ergonomic}
     bool UseLargePagesIndividualAllocation        = false                                  {pd product} {ergonomic}

Logging:
Log output configuration:
 #0: stdout all=warning uptime,level,tags
 #1: stderr all=off uptime,level,tags

Environment Variables:
JAVA_HOME=C:\Program Files\Microsoft\jdk-11.0.18.10-hotspot\
CLASSPATH=C:\Users\Juan\Documents\GitHub\Personal\El sol App\ESESP_Mobile_ReactNative\android\\gradle\wrapper\gradle-wrapper.jar
PATH=C:\Program Files\Microsoft\jdk-11.0.18.10-hotspot\bin;C:\Python311\Scripts\;C:\Python311\;C:\Program Files\Microsoft\jdk-11.0.12.7-hotspot\bin;C:\oraclexe\app\oracle\product\11.2.0\server\bin;C:\Program Files (x86)\Common Files\Oracle\Java\javapath;C:\WINDOWS\system32;C:\WINDOWS;C:\WINDOWS\System32\Wbem;C:\WINDOWS\System32\WindowsPowerShell\v1.0\;C:\WINDOWS\System32\OpenSSH\;C:\Program Files (x86)\HP\Common\HPDestPlgIn\;C:\Program Files\dotnet\;C:\Program Files\Git LFS;C:\Program Files\Microsoft SQL Server\130\Tools\Binn\;C:\Program Files\Microsoft SQL Server\Client SDK\ODBC\170\Tools\Binn\;C:\Program Files (x86)\Microsoft SQL Server\150\Tools\Binn\;C:\Program Files\Microsoft SQL Server\150\Tools\Binn\;C:\Program Files\Microsoft SQL Server\150\DTS\Binn\;C:\Program Files (x86)\Microsoft SQL Server\150\DTS\Binn\;C:\Program Files\Azure Data Studio\bin;C:\Program Files\Git\cmd;C:\ProgramData\chocolatey\bin;C:\Program Files\nodejs\;C:\Program Files\Microsoft SQL Server\140\DTS\Binn\;C:\Program Files\Microsoft SQL Server\160\DTS\Binn\;C:\Program Files (x86)\Intel\OpenCL SDK\2.0\bin\x86;C:\Program Files (x86)\Intel\OpenCL SDK\2.0\bin\x64;C:\Users\Juan\AppData\Local\Microsoft\WindowsApps;C:\Users\Juan\AppData\Local\Programs\Microsoft VS Code\bin;C:\Program Files (x86)\HP\Common\HPDestPlgIn\;C:\Users\Juan\.dotnet\tools;C:\Program Files\heroku\bin;C:\Users\Juan\AppData\Local\Google\Cloud SDK\google-cloud-sdk\bin;C:\Program Files\Azure Data Studio\bin;C:\Users\Juan\AppData\Local\GitHubDesktop\bin;C:\Users\Juan\AppData\Roaming\npm;C:\Users\Juan\AppData\Local\Android\Sdk\platform-tools;
USERNAME=Juan
LANG=en_US.UTF-8
OS=Windows_NT
PROCESSOR_IDENTIFIER=Intel64 Family 6 Model 42 Stepping 7, GenuineIntel
TMP=C:\Users\Juan\AppData\Local\Temp
TEMP=C:\Users\Juan\AppData\Local\Temp



---------------  S Y S T E M  ---------------

OS: Windows 10 , 64 bit Build 19041 (10.0.19041.3570)
OS uptime: 0 days 7:36 hours

CPU:total 8 (initial active 8) (4 cores per cpu, 2 threads per core) family 6 model 42 stepping 7 microcode 0x2f, cmov, cx8, fxsr, mmx, sse, sse2, sse3, ssse3, sse4.1, sse4.2, popcnt, avx, aes, clmul, ht, tsc, tscinvbit

Memory: 4k page, system-wide physical 16290M (5974M free)
TotalPageFile size 20290M (AvailPageFile size 30M)
current process WorkingSet (physical memory assigned to process): 9M, peak: 9M
current process commit charge ("private bytes"): 54M, peak: 55M

vm_info: OpenJDK 64-Bit Server VM (11.0.18+10-LTS) for windows-amd64 JRE (11.0.18+10-LTS), built on Jan 18 2023 15:56:47 by "MicrosoftCorporation" with MS VC++ 15.9 (VS2017)

END.
